app/build/intermediates/manifest_merge_blame_file/debug/manifest-merger-blame-debug-report.txt
1<?xml version="1.0" encoding="utf-8"?>
2<manifest xmlns:android="http://schemas.android.com/apk/res/android"
3    package="com.comp490.fridgemate"
4    android:versionCode="1"
5    android:versionName="1.0" >
6
7    <uses-sdk
8        android:minSdkVersion="21"
8-->src/main/AndroidManifest.xml
9        android:targetSdkVersion="33" />
9-->src/main/AndroidManifest.xml
10
11    <uses-feature
11-->src/main/AndroidManifest.xml:6:5-8:36
12        android:name="android.hardware.camera"
12-->src/main/AndroidManifest.xml:7:9-47
13        android:required="false" />
13-->src/main/AndroidManifest.xml:8:9-33
14
15    <uses-permission android:name="android.permission.INTERNET" />
15-->src/main/AndroidManifest.xml:10:5-67
15-->src/main/AndroidManifest.xml:10:22-64
16    <uses-permission android:name="android.permission.READ_EXTERNAL_STORAGE" />
16-->src/main/AndroidManifest.xml:11:5-79
16-->src/main/AndroidManifest.xml:11:22-77
17    <uses-permission android:name="android.permission.ACCESS_NETWORK_STATE" />
17-->src/main/AndroidManifest.xml:12:5-78
17-->src/main/AndroidManifest.xml:12:22-76
18    <uses-permission android:name="android.permission.CAMERA" />
18-->src/main/AndroidManifest.xml:13:5-64
18-->src/main/AndroidManifest.xml:13:22-62
19    <uses-permission android:name="android.permission.WRITE_EXTERNAL_STORAGE" />
19-->src/main/AndroidManifest.xml:14:5-80
19-->src/main/AndroidManifest.xml:14:22-78
20
21    <application
21-->src/main/AndroidManifest.xml:17:5-52:19
22        android:allowBackup="true"
22-->src/main/AndroidManifest.xml:18:9-35
23        android:appComponentFactory="androidx.core.app.CoreComponentFactory"
23-->[androidx.core:core:1.8.0] AndroidManifest.xml:24:18-86
24        android:dataExtractionRules="@xml/data_extraction_rules"
24-->src/main/AndroidManifest.xml:19:9-65
25        android:debuggable="true"
26        android:fullBackupContent="@xml/backup_rules"
26-->src/main/AndroidManifest.xml:20:9-54
27        android:icon="@mipmap/ic_launcher"
27-->src/main/AndroidManifest.xml:21:9-43
28        android:label="@string/app_name"
28-->src/main/AndroidManifest.xml:22:9-41
29        android:roundIcon="@mipmap/ic_launcher_round"
29-->src/main/AndroidManifest.xml:23:9-54
30        android:supportsRtl="true"
30-->src/main/AndroidManifest.xml:24:9-35
31        android:testOnly="true"
32        android:theme="@style/Theme.FridgeMate" >
32-->src/main/AndroidManifest.xml:25:9-48
33        <activity
33-->src/main/AndroidManifest.xml:28:9-29:39
34            android:name="com.comp490.fridgemate.TextRecognitionAction"
34-->src/main/AndroidManifest.xml:28:19-56
35            android:exported="false" />
35-->src/main/AndroidManifest.xml:29:13-37
36        <activity
36-->src/main/AndroidManifest.xml:30:9-32:40
37            android:name="com.comp490.fridgemate.CreateRecipeActivity"
37-->src/main/AndroidManifest.xml:31:13-49
38            android:exported="false" />
38-->src/main/AndroidManifest.xml:32:13-37
39        <activity
39-->src/main/AndroidManifest.xml:33:9-35:40
40            android:name="com.comp490.fridgemate.RecipeDetailsActivity"
40-->src/main/AndroidManifest.xml:34:13-50
41            android:exported="false" />
41-->src/main/AndroidManifest.xml:35:13-37
42        <activity
42-->src/main/AndroidManifest.xml:36:9-38:40
43            android:name="com.comp490.fridgemate.MainActivity"
43-->src/main/AndroidManifest.xml:37:13-41
44            android:exported="false" />
44-->src/main/AndroidManifest.xml:38:13-37
45        <activity
45-->src/main/AndroidManifest.xml:39:9-41:40
46            android:name="com.comp490.fridgemate.InsideFolderActivity"
46-->src/main/AndroidManifest.xml:40:13-49
47            android:exported="false" />
47-->src/main/AndroidManifest.xml:41:13-37
48        <activity
48-->src/main/AndroidManifest.xml:42:9-51:20
49            android:name="com.comp490.fridgemate.LoginActivity"
49-->src/main/AndroidManifest.xml:43:13-42
50            android:exported="true"
50-->src/main/AndroidManifest.xml:44:13-36
51            android:label="@string/app_name" >
51-->src/main/AndroidManifest.xml:45:13-45
52            <intent-filter>
52-->src/main/AndroidManifest.xml:46:13-50:29
53                <action android:name="android.intent.action.MAIN" />
53-->src/main/AndroidManifest.xml:47:17-69
53-->src/main/AndroidManifest.xml:47:25-66
54
55                <category android:name="android.intent.category.LAUNCHER" />
55-->src/main/AndroidManifest.xml:49:17-77
55-->src/main/AndroidManifest.xml:49:27-74
56            </intent-filter>
57        </activity>
58
59        <meta-data
59-->[com.firebaseui:firebase-ui-auth:7.2.0] AndroidManifest.xml:16:9-18:69
60            android:name="com.google.android.gms.version"
60-->[com.firebaseui:firebase-ui-auth:7.2.0] AndroidManifest.xml:17:13-58
61            android:value="@integer/google_play_services_version" />
61-->[com.firebaseui:firebase-ui-auth:7.2.0] AndroidManifest.xml:18:13-66
62        <meta-data
62-->[com.firebaseui:firebase-ui-auth:7.2.0] AndroidManifest.xml:19:9-21:63
63            android:name="com.facebook.sdk.ApplicationId"
63-->[com.firebaseui:firebase-ui-auth:7.2.0] AndroidManifest.xml:20:13-58
64            android:value="@string/facebook_application_id" />
64-->[com.firebaseui:firebase-ui-auth:7.2.0] AndroidManifest.xml:21:13-60
65
66        <activity
66-->[com.firebaseui:firebase-ui-auth:7.2.0] AndroidManifest.xml:23:9-27:61
67            android:name="com.firebase.ui.auth.KickoffActivity"
67-->[com.firebaseui:firebase-ui-auth:7.2.0] AndroidManifest.xml:24:13-64
68            android:exported="false"
68-->[com.firebaseui:firebase-ui-auth:7.2.0] AndroidManifest.xml:25:13-37
69            android:label=""
69-->[com.firebaseui:firebase-ui-auth:7.2.0] AndroidManifest.xml:26:13-29
70            android:theme="@style/FirebaseUI.Transparent" />
70-->[com.firebaseui:firebase-ui-auth:7.2.0] AndroidManifest.xml:27:13-58
71        <activity
71-->[com.firebaseui:firebase-ui-auth:7.2.0] AndroidManifest.xml:28:9-32:61
72            android:name="com.firebase.ui.auth.ui.idp.SingleSignInActivity"
72-->[com.firebaseui:firebase-ui-auth:7.2.0] AndroidManifest.xml:29:13-76
73            android:exported="false"
73-->[com.firebaseui:firebase-ui-auth:7.2.0] AndroidManifest.xml:30:13-37
74            android:label=""
74-->[com.firebaseui:firebase-ui-auth:7.2.0] AndroidManifest.xml:31:13-29
75            android:theme="@style/FirebaseUI.Transparent" />
75-->[com.firebaseui:firebase-ui-auth:7.2.0] AndroidManifest.xml:32:13-58
76        <activity
76-->[com.firebaseui:firebase-ui-auth:7.2.0] AndroidManifest.xml:33:9-37:61
77            android:name="com.firebase.ui.auth.ui.credentials.CredentialSaveActivity"
77-->[com.firebaseui:firebase-ui-auth:7.2.0] AndroidManifest.xml:34:13-86
78            android:exported="false"
78-->[com.firebaseui:firebase-ui-auth:7.2.0] AndroidManifest.xml:35:13-37
79            android:label=""
79-->[com.firebaseui:firebase-ui-auth:7.2.0] AndroidManifest.xml:36:13-29
80            android:theme="@style/FirebaseUI.Transparent" />
80-->[com.firebaseui:firebase-ui-auth:7.2.0] AndroidManifest.xml:37:13-58
81        <activity
81-->[com.firebaseui:firebase-ui-auth:7.2.0] AndroidManifest.xml:38:9-42:58
82            android:name="com.firebase.ui.auth.ui.email.RecoverPasswordActivity"
82-->[com.firebaseui:firebase-ui-auth:7.2.0] AndroidManifest.xml:39:13-81
83            android:exported="false"
83-->[com.firebaseui:firebase-ui-auth:7.2.0] AndroidManifest.xml:40:13-37
84            android:label="@string/fui_title_recover_password_activity"
84-->[com.firebaseui:firebase-ui-auth:7.2.0] AndroidManifest.xml:41:13-72
85            android:windowSoftInputMode="adjustResize" />
85-->[com.firebaseui:firebase-ui-auth:7.2.0] AndroidManifest.xml:42:13-55
86        <activity
86-->[com.firebaseui:firebase-ui-auth:7.2.0] AndroidManifest.xml:43:9-47:58
87            android:name="com.firebase.ui.auth.ui.email.EmailActivity"
87-->[com.firebaseui:firebase-ui-auth:7.2.0] AndroidManifest.xml:44:13-71
88            android:exported="false"
88-->[com.firebaseui:firebase-ui-auth:7.2.0] AndroidManifest.xml:45:13-37
89            android:label="@string/fui_sign_in_default"
89-->[com.firebaseui:firebase-ui-auth:7.2.0] AndroidManifest.xml:46:13-56
90            android:windowSoftInputMode="adjustResize" />
90-->[com.firebaseui:firebase-ui-auth:7.2.0] AndroidManifest.xml:47:13-55
91        <activity
91-->[com.firebaseui:firebase-ui-auth:7.2.0] AndroidManifest.xml:48:9-52:77
92            android:name="com.firebase.ui.auth.ui.phone.PhoneActivity"
92-->[com.firebaseui:firebase-ui-auth:7.2.0] AndroidManifest.xml:49:13-71
93            android:exported="false"
93-->[com.firebaseui:firebase-ui-auth:7.2.0] AndroidManifest.xml:50:13-37
94            android:label="@string/fui_sign_in_with_phone_number"
94-->[com.firebaseui:firebase-ui-auth:7.2.0] AndroidManifest.xml:51:13-66
95            android:windowSoftInputMode="adjustResize|stateAlwaysVisible" />
95-->[com.firebaseui:firebase-ui-auth:7.2.0] AndroidManifest.xml:52:13-74
96        <activity
96-->[com.firebaseui:firebase-ui-auth:7.2.0] AndroidManifest.xml:53:9-57:58
97            android:name="com.firebase.ui.auth.ui.idp.WelcomeBackIdpPrompt"
97-->[com.firebaseui:firebase-ui-auth:7.2.0] AndroidManifest.xml:54:13-76
98            android:exported="false"
98-->[com.firebaseui:firebase-ui-auth:7.2.0] AndroidManifest.xml:55:13-37
99            android:label="@string/fui_title_welcome_back_idp_prompt"
99-->[com.firebaseui:firebase-ui-auth:7.2.0] AndroidManifest.xml:56:13-70
100            android:windowSoftInputMode="adjustResize" />
100-->[com.firebaseui:firebase-ui-auth:7.2.0] AndroidManifest.xml:57:13-55
101        <activity
101-->[com.firebaseui:firebase-ui-auth:7.2.0] AndroidManifest.xml:58:9-62:58
102            android:name="com.firebase.ui.auth.ui.email.WelcomeBackPasswordPrompt"
102-->[com.firebaseui:firebase-ui-auth:7.2.0] AndroidManifest.xml:59:13-83
103            android:exported="false"
103-->[com.firebaseui:firebase-ui-auth:7.2.0] AndroidManifest.xml:60:13-37
104            android:label="@string/fui_title_welcome_back_password_prompt"
104-->[com.firebaseui:firebase-ui-auth:7.2.0] AndroidManifest.xml:61:13-75
105            android:windowSoftInputMode="adjustResize" />
105-->[com.firebaseui:firebase-ui-auth:7.2.0] AndroidManifest.xml:62:13-55
106        <activity
106-->[com.firebaseui:firebase-ui-auth:7.2.0] AndroidManifest.xml:63:9-67:58
107            android:name="com.firebase.ui.auth.ui.email.WelcomeBackEmailLinkPrompt"
107-->[com.firebaseui:firebase-ui-auth:7.2.0] AndroidManifest.xml:64:13-84
108            android:exported="false"
108-->[com.firebaseui:firebase-ui-auth:7.2.0] AndroidManifest.xml:65:13-37
109            android:label="@string/fui_title_welcome_back_password_prompt"
109-->[com.firebaseui:firebase-ui-auth:7.2.0] AndroidManifest.xml:66:13-75
110            android:windowSoftInputMode="adjustResize" />
110-->[com.firebaseui:firebase-ui-auth:7.2.0] AndroidManifest.xml:67:13-55
111        <activity
111-->[com.firebaseui:firebase-ui-auth:7.2.0] AndroidManifest.xml:68:9-73:58
112            android:name="com.firebase.ui.auth.ui.email.EmailLinkCatcherActivity"
112-->[com.firebaseui:firebase-ui-auth:7.2.0] AndroidManifest.xml:69:13-82
113            android:exported="false"
113-->[com.firebaseui:firebase-ui-auth:7.2.0] AndroidManifest.xml:70:13-37
114            android:label=""
114-->[com.firebaseui:firebase-ui-auth:7.2.0] AndroidManifest.xml:71:13-29
115            android:theme="@style/FirebaseUI.Transparent"
115-->[com.firebaseui:firebase-ui-auth:7.2.0] AndroidManifest.xml:72:13-58
116            android:windowSoftInputMode="adjustResize" />
116-->[com.firebaseui:firebase-ui-auth:7.2.0] AndroidManifest.xml:73:13-55
117        <activity
117-->[com.firebaseui:firebase-ui-auth:7.2.0] AndroidManifest.xml:74:9-78:58
118            android:name="com.firebase.ui.auth.ui.email.EmailLinkErrorRecoveryActivity"
118-->[com.firebaseui:firebase-ui-auth:7.2.0] AndroidManifest.xml:75:13-88
119            android:exported="false"
119-->[com.firebaseui:firebase-ui-auth:7.2.0] AndroidManifest.xml:76:13-37
120            android:label="@string/fui_sign_in_default"
120-->[com.firebaseui:firebase-ui-auth:7.2.0] AndroidManifest.xml:77:13-56
121            android:windowSoftInputMode="adjustResize" />
121-->[com.firebaseui:firebase-ui-auth:7.2.0] AndroidManifest.xml:78:13-55
122        <activity
122-->[com.firebaseui:firebase-ui-auth:7.2.0] AndroidManifest.xml:79:9-82:65
123            android:name="com.firebase.ui.auth.ui.idp.AuthMethodPickerActivity"
123-->[com.firebaseui:firebase-ui-auth:7.2.0] AndroidManifest.xml:80:13-80
124            android:exported="false"
124-->[com.firebaseui:firebase-ui-auth:7.2.0] AndroidManifest.xml:81:13-37
125            android:label="@string/fui_default_toolbar_title" />
125-->[com.firebaseui:firebase-ui-auth:7.2.0] AndroidManifest.xml:82:13-62
126        <activity
126-->[com.firebaseui:firebase-ui-auth:7.2.0] AndroidManifest.xml:83:9-87:48
127            android:name="com.facebook.FacebookActivity"
127-->[com.firebaseui:firebase-ui-auth:7.2.0] AndroidManifest.xml:84:13-57
128            android:configChanges="keyboard|keyboardHidden|screenLayout|screenSize|orientation"
128-->[com.firebaseui:firebase-ui-auth:7.2.0] AndroidManifest.xml:85:13-96
129            android:label="@string/app_name" />
129-->[com.firebaseui:firebase-ui-auth:7.2.0] AndroidManifest.xml:86:13-45
130        <activity
130-->[com.firebaseui:firebase-ui-auth:7.2.0] AndroidManifest.xml:88:9-100:20
131            android:name="com.facebook.CustomTabActivity"
131-->[com.firebaseui:firebase-ui-auth:7.2.0] AndroidManifest.xml:89:13-58
132            android:exported="true" >
132-->[com.firebaseui:firebase-ui-auth:7.2.0] AndroidManifest.xml:90:13-36
133            <intent-filter>
133-->[com.firebaseui:firebase-ui-auth:7.2.0] AndroidManifest.xml:92:13-99:29
134                <action android:name="android.intent.action.VIEW" />
134-->[com.firebaseui:firebase-ui-auth:7.2.0] AndroidManifest.xml:93:17-69
134-->[com.firebaseui:firebase-ui-auth:7.2.0] AndroidManifest.xml:93:25-66
135
136                <category android:name="android.intent.category.DEFAULT" />
136-->[com.firebaseui:firebase-ui-auth:7.2.0] AndroidManifest.xml:95:17-76
136-->[com.firebaseui:firebase-ui-auth:7.2.0] AndroidManifest.xml:95:27-73
137                <category android:name="android.intent.category.BROWSABLE" />
137-->[com.firebaseui:firebase-ui-auth:7.2.0] AndroidManifest.xml:96:17-78
137-->[com.firebaseui:firebase-ui-auth:7.2.0] AndroidManifest.xml:96:27-75
138
139                <data android:scheme="@string/facebook_login_protocol_scheme" />
139-->[com.firebaseui:firebase-ui-auth:7.2.0] AndroidManifest.xml:98:17-81
139-->[com.firebaseui:firebase-ui-auth:7.2.0] AndroidManifest.xml:98:23-78
140            </intent-filter>
141        </activity>
142
143        <provider
143-->[com.firebaseui:firebase-ui-auth:7.2.0] AndroidManifest.xml:102:9-106:38
144            android:name="com.firebase.ui.auth.data.client.AuthUiInitProvider"
144-->[com.firebaseui:firebase-ui-auth:7.2.0] AndroidManifest.xml:103:13-79
145            android:authorities="com.comp490.fridgemate.authuiinitprovider"
145-->[com.firebaseui:firebase-ui-auth:7.2.0] AndroidManifest.xml:104:13-70
146            android:exported="false"
146-->[com.firebaseui:firebase-ui-auth:7.2.0] AndroidManifest.xml:105:13-37
147            android:initOrder="90" />
147-->[com.firebaseui:firebase-ui-auth:7.2.0] AndroidManifest.xml:106:13-35
148
149        <activity
149-->[com.google.firebase:firebase-auth:21.0.8] AndroidManifest.xml:27:9-44:20
150            android:name="com.google.firebase.auth.internal.GenericIdpActivity"
150-->[com.google.firebase:firebase-auth:21.0.8] AndroidManifest.xml:28:13-80
151            android:excludeFromRecents="true"
151-->[com.google.firebase:firebase-auth:21.0.8] AndroidManifest.xml:29:13-46
152            android:exported="true"
152-->[com.google.firebase:firebase-auth:21.0.8] AndroidManifest.xml:30:13-36
153            android:launchMode="singleTask"
153-->[com.google.firebase:firebase-auth:21.0.8] AndroidManifest.xml:31:13-44
154            android:theme="@android:style/Theme.Translucent.NoTitleBar" >
154-->[com.google.firebase:firebase-auth:21.0.8] AndroidManifest.xml:32:13-72
155            <intent-filter>
155-->[com.google.firebase:firebase-auth:21.0.8] AndroidManifest.xml:33:13-43:29
156                <action android:name="android.intent.action.VIEW" />
156-->[com.firebaseui:firebase-ui-auth:7.2.0] AndroidManifest.xml:93:17-69
156-->[com.firebaseui:firebase-ui-auth:7.2.0] AndroidManifest.xml:93:25-66
157
158                <category android:name="android.intent.category.DEFAULT" />
158-->[com.firebaseui:firebase-ui-auth:7.2.0] AndroidManifest.xml:95:17-76
158-->[com.firebaseui:firebase-ui-auth:7.2.0] AndroidManifest.xml:95:27-73
159                <category android:name="android.intent.category.BROWSABLE" />
159-->[com.firebaseui:firebase-ui-auth:7.2.0] AndroidManifest.xml:96:17-78
159-->[com.firebaseui:firebase-ui-auth:7.2.0] AndroidManifest.xml:96:27-75
160
161                <data
161-->[com.firebaseui:firebase-ui-auth:7.2.0] AndroidManifest.xml:98:17-81
162                    android:host="firebase.auth"
163                    android:path="/"
164                    android:scheme="genericidp" />
164-->[com.firebaseui:firebase-ui-auth:7.2.0] AndroidManifest.xml:98:23-78
165            </intent-filter>
166        </activity>
167        <activity
167-->[com.google.firebase:firebase-auth:21.0.8] AndroidManifest.xml:45:9-62:20
168            android:name="com.google.firebase.auth.internal.RecaptchaActivity"
168-->[com.google.firebase:firebase-auth:21.0.8] AndroidManifest.xml:46:13-79
169            android:excludeFromRecents="true"
169-->[com.google.firebase:firebase-auth:21.0.8] AndroidManifest.xml:47:13-46
170            android:exported="true"
170-->[com.google.firebase:firebase-auth:21.0.8] AndroidManifest.xml:48:13-36
171            android:launchMode="singleTask"
171-->[com.google.firebase:firebase-auth:21.0.8] AndroidManifest.xml:49:13-44
172            android:theme="@android:style/Theme.Translucent.NoTitleBar" >
172-->[com.google.firebase:firebase-auth:21.0.8] AndroidManifest.xml:50:13-72
173            <intent-filter>
173-->[com.google.firebase:firebase-auth:21.0.8] AndroidManifest.xml:51:13-61:29
174                <action android:name="android.intent.action.VIEW" />
174-->[com.firebaseui:firebase-ui-auth:7.2.0] AndroidManifest.xml:93:17-69
174-->[com.firebaseui:firebase-ui-auth:7.2.0] AndroidManifest.xml:93:25-66
175
176                <category android:name="android.intent.category.DEFAULT" />
176-->[com.firebaseui:firebase-ui-auth:7.2.0] AndroidManifest.xml:95:17-76
176-->[com.firebaseui:firebase-ui-auth:7.2.0] AndroidManifest.xml:95:27-73
177                <category android:name="android.intent.category.BROWSABLE" />
177-->[com.firebaseui:firebase-ui-auth:7.2.0] AndroidManifest.xml:96:17-78
177-->[com.firebaseui:firebase-ui-auth:7.2.0] AndroidManifest.xml:96:27-75
178
179                <data
179-->[com.firebaseui:firebase-ui-auth:7.2.0] AndroidManifest.xml:98:17-81
180                    android:host="firebase.auth"
181                    android:path="/"
182                    android:scheme="recaptcha" />
182-->[com.firebaseui:firebase-ui-auth:7.2.0] AndroidManifest.xml:98:23-78
183            </intent-filter>
184        </activity>
185
186        <service
186-->[com.google.firebase:firebase-auth:21.0.8] AndroidManifest.xml:64:9-70:19
187            android:name="com.google.firebase.components.ComponentDiscoveryService"
187-->[com.google.firebase:firebase-auth:21.0.8] AndroidManifest.xml:65:13-84
188            android:directBootAware="true"
188-->[com.google.firebase:firebase-common:20.1.2] AndroidManifest.xml:35:13-43
189            android:exported="false" >
189-->[com.google.firebase:firebase-auth:21.0.8] AndroidManifest.xml:66:13-37
190            <meta-data
190-->[com.google.firebase:firebase-auth:21.0.8] AndroidManifest.xml:67:13-69:85
191                android:name="com.google.firebase.components:com.google.firebase.auth.FirebaseAuthRegistrar"
191-->[com.google.firebase:firebase-auth:21.0.8] AndroidManifest.xml:68:17-109
192                android:value="com.google.firebase.components.ComponentRegistrar" />
192-->[com.google.firebase:firebase-auth:21.0.8] AndroidManifest.xml:69:17-82
193            <meta-data
193-->[com.google.firebase:firebase-firestore:24.3.0] AndroidManifest.xml:20:13-22:85
194                android:name="com.google.firebase.components:com.google.firebase.firestore.FirestoreRegistrar"
194-->[com.google.firebase:firebase-firestore:24.3.0] AndroidManifest.xml:21:17-111
195                android:value="com.google.firebase.components.ComponentRegistrar" />
195-->[com.google.firebase:firebase-firestore:24.3.0] AndroidManifest.xml:22:17-82
196            <meta-data
196-->[com.google.firebase:firebase-storage:20.0.2] AndroidManifest.xml:33:13-35:85
197                android:name="com.google.firebase.components:com.google.firebase.storage.StorageRegistrar"
197-->[com.google.firebase:firebase-storage:20.0.2] AndroidManifest.xml:34:17-107
198                android:value="com.google.firebase.components.ComponentRegistrar" />
198-->[com.google.firebase:firebase-storage:20.0.2] AndroidManifest.xml:35:17-82
199        </service>
200
201        <provider
201-->[com.squareup.picasso:picasso:2.8] AndroidManifest.xml:8:9-11:40
202            android:name="com.squareup.picasso.PicassoProvider"
202-->[com.squareup.picasso:picasso:2.8] AndroidManifest.xml:9:13-64
203            android:authorities="com.comp490.fridgemate.com.squareup.picasso"
203-->[com.squareup.picasso:picasso:2.8] AndroidManifest.xml:10:13-72
204            android:exported="false" />
204-->[com.squareup.picasso:picasso:2.8] AndroidManifest.xml:11:13-37
205
206        <service
206-->[com.google.android.gms:play-services-mlkit-text-recognition-common:18.0.0] AndroidManifest.xml:9:9-15:19
207            android:name="com.google.mlkit.common.internal.MlKitComponentDiscoveryService"
207-->[com.google.android.gms:play-services-mlkit-text-recognition-common:18.0.0] AndroidManifest.xml:10:13-91
208            android:directBootAware="true"
208-->[com.google.mlkit:common:18.5.0] AndroidManifest.xml:17:13-43
209            android:exported="false" >
209-->[com.google.android.gms:play-services-mlkit-text-recognition-common:18.0.0] AndroidManifest.xml:11:13-37
210            <meta-data
210-->[com.google.android.gms:play-services-mlkit-text-recognition-common:18.0.0] AndroidManifest.xml:12:13-14:85
211                android:name="com.google.firebase.components:com.google.mlkit.vision.text.internal.TextRegistrar"
211-->[com.google.android.gms:play-services-mlkit-text-recognition-common:18.0.0] AndroidManifest.xml:13:17-114
212                android:value="com.google.firebase.components.ComponentRegistrar" />
212-->[com.google.android.gms:play-services-mlkit-text-recognition-common:18.0.0] AndroidManifest.xml:14:17-82
213            <meta-data
213-->[com.google.mlkit:vision-common:17.2.1] AndroidManifest.xml:12:13-14:85
214                android:name="com.google.firebase.components:com.google.mlkit.vision.common.internal.VisionCommonRegistrar"
214-->[com.google.mlkit:vision-common:17.2.1] AndroidManifest.xml:13:17-124
215                android:value="com.google.firebase.components.ComponentRegistrar" />
215-->[com.google.mlkit:vision-common:17.2.1] AndroidManifest.xml:14:17-82
216            <meta-data
216-->[com.google.mlkit:common:18.5.0] AndroidManifest.xml:20:13-22:85
217                android:name="com.google.firebase.components:com.google.mlkit.common.internal.CommonComponentRegistrar"
217-->[com.google.mlkit:common:18.5.0] AndroidManifest.xml:21:17-120
218                android:value="com.google.firebase.components.ComponentRegistrar" />
218-->[com.google.mlkit:common:18.5.0] AndroidManifest.xml:22:17-82
219        </service>
220
221        <provider
221-->[com.google.mlkit:common:18.5.0] AndroidManifest.xml:9:9-13:38
222            android:name="com.google.mlkit.common.internal.MlKitInitProvider"
222-->[com.google.mlkit:common:18.5.0] AndroidManifest.xml:10:13-78
223            android:authorities="com.comp490.fridgemate.mlkitinitprovider"
223-->[com.google.mlkit:common:18.5.0] AndroidManifest.xml:11:13-69
224            android:exported="false"
224-->[com.google.mlkit:common:18.5.0] AndroidManifest.xml:12:13-37
225            android:initOrder="99" />
225-->[com.google.mlkit:common:18.5.0] AndroidManifest.xml:13:13-35
226
227        <service
227-->[com.google.android.datatransport:transport-backend-cct:2.3.3] AndroidManifest.xml:29:9-35:19
228            android:name="com.google.android.datatransport.runtime.backends.TransportBackendDiscovery"
228-->[com.google.android.datatransport:transport-backend-cct:2.3.3] AndroidManifest.xml:30:13-103
229            android:exported="false" >
229-->[com.google.android.datatransport:transport-backend-cct:2.3.3] AndroidManifest.xml:31:13-37
230            <meta-data
230-->[com.google.android.datatransport:transport-backend-cct:2.3.3] AndroidManifest.xml:32:13-34:39
231                android:name="backend:com.google.android.datatransport.cct.CctBackendFactory"
231-->[com.google.android.datatransport:transport-backend-cct:2.3.3] AndroidManifest.xml:33:17-94
232                android:value="cct" />
232-->[com.google.android.datatransport:transport-backend-cct:2.3.3] AndroidManifest.xml:34:17-36
233        </service>
234
235        <provider
235-->[com.google.firebase:firebase-common:20.1.2] AndroidManifest.xml:26:9-31:39
236            android:name="com.google.firebase.provider.FirebaseInitProvider"
236-->[com.google.firebase:firebase-common:20.1.2] AndroidManifest.xml:27:13-77
237            android:authorities="com.comp490.fridgemate.firebaseinitprovider"
237-->[com.google.firebase:firebase-common:20.1.2] AndroidManifest.xml:28:13-72
238            android:directBootAware="true"
238-->[com.google.firebase:firebase-common:20.1.2] AndroidManifest.xml:29:13-43
239            android:exported="false"
239-->[com.google.firebase:firebase-common:20.1.2] AndroidManifest.xml:30:13-37
240            android:initOrder="100" />
240-->[com.google.firebase:firebase-common:20.1.2] AndroidManifest.xml:31:13-36
241
242        <activity
242-->[com.google.android.gms:play-services-auth:19.0.0] AndroidManifest.xml:23:9-27:75
243            android:name="com.google.android.gms.auth.api.signin.internal.SignInHubActivity"
243-->[com.google.android.gms:play-services-auth:19.0.0] AndroidManifest.xml:24:13-93
244            android:excludeFromRecents="true"
244-->[com.google.android.gms:play-services-auth:19.0.0] AndroidManifest.xml:25:13-46
245            android:exported="false"
245-->[com.google.android.gms:play-services-auth:19.0.0] AndroidManifest.xml:26:13-37
246            android:theme="@android:style/Theme.Translucent.NoTitleBar" />
246-->[com.google.android.gms:play-services-auth:19.0.0] AndroidManifest.xml:27:13-72
247        <!--
248            Service handling Google Sign-In user revocation. For apps that do not integrate with
249            Google Sign-In, this service will never be started.
250        -->
251        <service
251-->[com.google.android.gms:play-services-auth:19.0.0] AndroidManifest.xml:33:9-37:51
252            android:name="com.google.android.gms.auth.api.signin.RevocationBoundService"
252-->[com.google.android.gms:play-services-auth:19.0.0] AndroidManifest.xml:34:13-89
253            android:exported="true"
253-->[com.google.android.gms:play-services-auth:19.0.0] AndroidManifest.xml:35:13-36
254            android:permission="com.google.android.gms.auth.api.signin.permission.REVOCATION_NOTIFICATION"
254-->[com.google.android.gms:play-services-auth:19.0.0] AndroidManifest.xml:36:13-107
255            android:visibleToInstantApps="true" />
255-->[com.google.android.gms:play-services-auth:19.0.0] AndroidManifest.xml:37:13-48
256
257        <activity
257-->[com.google.android.gms:play-services-base:18.1.0] AndroidManifest.xml:20:9-22:45
258            android:name="com.google.android.gms.common.api.GoogleApiActivity"
258-->[com.google.android.gms:play-services-base:18.1.0] AndroidManifest.xml:20:19-85
259            android:exported="false"
259-->[com.google.android.gms:play-services-base:18.1.0] AndroidManifest.xml:22:19-43
260            android:theme="@android:style/Theme.Translucent.NoTitleBar" />
260-->[com.google.android.gms:play-services-base:18.1.0] AndroidManifest.xml:21:19-78
261
262        <provider
262-->[androidx.emoji2:emoji2:1.2.0] AndroidManifest.xml:24:9-32:20
263            android:name="androidx.startup.InitializationProvider"
263-->[androidx.emoji2:emoji2:1.2.0] AndroidManifest.xml:25:13-67
264            android:authorities="com.comp490.fridgemate.androidx-startup"
264-->[androidx.emoji2:emoji2:1.2.0] AndroidManifest.xml:26:13-68
265            android:exported="false" >
265-->[androidx.emoji2:emoji2:1.2.0] AndroidManifest.xml:27:13-37
266            <meta-data
266-->[androidx.emoji2:emoji2:1.2.0] AndroidManifest.xml:29:13-31:52
267                android:name="androidx.emoji2.text.EmojiCompatInitializer"
267-->[androidx.emoji2:emoji2:1.2.0] AndroidManifest.xml:30:17-75
268                android:value="androidx.startup" />
268-->[androidx.emoji2:emoji2:1.2.0] AndroidManifest.xml:31:17-49
269            <meta-data
269-->[androidx.lifecycle:lifecycle-process:2.4.1] AndroidManifest.xml:31:13-33:52
270                android:name="androidx.lifecycle.ProcessLifecycleInitializer"
270-->[androidx.lifecycle:lifecycle-process:2.4.1] AndroidManifest.xml:32:17-78
271                android:value="androidx.startup" />
271-->[androidx.lifecycle:lifecycle-process:2.4.1] AndroidManifest.xml:33:17-49
272        </provider>
273
274        <uses-library
274-->[androidx.window:window:1.0.0] AndroidManifest.xml:25:9-27:40